<?xml version="1.0" encoding="UTF-8"?>
<robot generator="Robot 7.3.2 (Python 3.10.4 on win32)" generated="2025-08-26T09:21:56.711202" rpa="false" schemaversion="5">
<suite id="s1" name="Robot-Tests" source="C:\Users\jysya\robot-tests">
<suite id="s1-s1" name="Tests" source="C:\Users\jysya\robot-tests\tests">
<suite id="s1-s1-s1" name="Modelo" source="C:\Users\jysya\robot-tests\tests\modelo.robot">
<test id="s1-s1-s1-t1" name="Abrir Google" line="5">
<kw name="Open Browser" owner="SeleniumLibrary">
<msg time="2025-08-26T09:21:57.075961" level="WARN">exexcutable_path is being deprecated. Please use service to configure the driver's executable_path as per documentation.</msg>
<msg time="2025-08-26T09:21:57.100861" level="INFO">Opening browser 'chrome' to base url 'https://www.google.com'.</msg>
<arg>https://www.google.com</arg>
<arg>chrome</arg>
<arg>executable_path=C:/drivers/chromedriver/139/chromedriver.exe</arg>
<doc>Opens a new browser instance to the optional ``url``.</doc>
<status status="PASS" start="2025-08-26T09:21:57.075961" elapsed="4.143209"/>
</kw>
<kw name="Title Should Be" owner="SeleniumLibrary">
<msg time="2025-08-26T09:22:01.238973" level="INFO">Page title is 'Google'.</msg>
<arg>Google</arg>
<doc>Verifies that the current page title equals ``title``.</doc>
<status status="PASS" start="2025-08-26T09:22:01.222169" elapsed="0.016804"/>
</kw>
<kw name="Close Browser" owner="SeleniumLibrary">
<doc>Closes the current browser.</doc>
<status status="PASS" start="2025-08-26T09:22:01.239972" elapsed="2.359098"/>
</kw>
<status status="PASS" start="2025-08-26T09:21:57.068560" elapsed="6.531898"/>
</test>
<status status="PASS" start="2025-08-26T09:21:56.777260" elapsed="6.831193"/>
</suite>
<status status="PASS" start="2025-08-26T09:21:56.765132" elapsed="6.851372"/>
</suite>
<status status="PASS" start="2025-08-26T09:21:56.718966" elapsed="6.910927"/>
</suite>
<statistics>
<total>
<stat pass="1" fail="0" skip="0">All Tests</stat>
</total>
<tag>
</tag>
<suite>
<stat name="Robot-Tests" id="s1" pass="1" fail="0" skip="0">Robot-Tests</stat>
<stat name="Tests" id="s1-s1" pass="1" fail="0" skip="0">Robot-Tests.Tests</stat>
<stat name="Modelo" id="s1-s1-s1" pass="1" fail="0" skip="0">Robot-Tests.Tests.Modelo</stat>
</suite>
</statistics>
<errors>
<msg time="2025-08-26T09:21:57.075961" level="WARN">exexcutable_path is being deprecated. Please use service to configure the driver's executable_path as per documentation.</msg>
</errors>
</robot>
